<?xml version="1.0" encoding="UTF-8"?>
<!-- Generated by org.testng.reporters.JUnitXMLReporter -->
<testsuite ignored="2" hostname="CDC2-L-329F8PC" failures="0" tests="5" name="groupingtest" time="0.061" errors="0" timestamp="2024-11-26T13:41:16 IST">
  <testcase classname="day44.Grouping" name="Physics1" time="0.009"/>
  <testcase classname="day44.Grouping" name="Physics2" time="0.001"/>
  <testcase classname="day44.Grouping" name="maths1" time="0.001"/>
  <testcase classname="day44.Grouping" name="maths2" time="0.001"/>
  <testcase classname="day44.Grouping" name="maths3" time="0.001"/>
  <testcase classname="day44.DependencyMethods" name="friends" time="0.0">
    <ignored/>
  </testcase> <!-- friends -->
  <testcase classname="day44.DependencyMethods" name="approach" time="0.0">
    <ignored/>
  </testcase> <!-- approach -->
</testsuite> <!-- groupingtest -->
