<?xml version="1.0" encoding="UTF-8"?>
<!-- Generated by org.testng.reporters.JUnitReportReporter -->
<testsuite hostname="CDC2-L-329F8PC" failures="0" tests="4" name="day42.TestNG_Sample" time="22.934" errors="0" timestamp="2024-11-23T13:57:40 IST" skipped="0">
  <testcase classname="day42.TestNG_Sample" name="opensite" time="14.183"/>
  <system-out/>
  <testcase classname="day42.TestNG_Sample" name="tag" time="5.082"/>
  <system-out/>
  <testcase classname="day42.TestNG_Sample" name="enter" time="1.988"/>
  <system-out/>
  <testcase classname="day42.TestNG_Sample" name="close" time="1.681"/>
  <system-out/>
</testsuite> <!-- day42.TestNG_Sample -->
