<?xml version="1.0" encoding="UTF-8"?>
<!-- Generated by org.testng.reporters.JUnitReportReporter -->
<testsuite hostname="CDC2-L-329F8PC" failures="0" tests="5" name="day44.Grouping" time="0.013" errors="0" timestamp="2024-11-26T13:41:16 IST" skipped="0">
  <testcase classname="day44.Grouping" name="maths2" time="0.001"/>
  <system-out/>
  <testcase classname="day44.Grouping" name="Physics2" time="0.001"/>
  <system-out/>
  <testcase classname="day44.Grouping" name="Physics1" time="0.009"/>
  <system-out/>
  <testcase classname="day44.Grouping" name="maths1" time="0.001"/>
  <system-out/>
  <testcase classname="day44.Grouping" name="maths3" time="0.001"/>
  <system-out/>
</testsuite> <!-- day44.Grouping -->
