<?xml version="1.0" encoding="UTF-8"?>
<!-- Generated by org.testng.reporters.JUnitXMLReporter -->
<testsuite ignored="7" hostname="CDC2-L-329F8PC" failures="0" tests="0" time="0.009" errors="0" timestamp="2024-11-26T13:33:58 IST">
  <testcase classname="day44.Grouping" name="maths3" time="0.0">
    <ignored/>
  </testcase> <!-- maths3 -->
  <testcase classname="day44.DependencyMethods" name="friends" time="0.0">
    <ignored/>
  </testcase> <!-- friends -->
  <testcase classname="day44.Grouping" name="Physics2" time="0.0">
    <ignored/>
  </testcase> <!-- Physics2 -->
  <testcase classname="day44.DependencyMethods" name="approach" time="0.0">
    <ignored/>
  </testcase> <!-- approach -->
  <testcase classname="day44.Grouping" name="Physics1" time="0.0">
    <ignored/>
  </testcase> <!-- Physics1 -->
  <testcase classname="day44.Grouping" name="maths1" time="0.0">
    <ignored/>
  </testcase> <!-- maths1 -->
  <testcase classname="day44.Grouping" name="maths2" time="0.0">
    <ignored/>
  </testcase> <!-- maths2 -->
</testsuite>
